Build started 2017-05-10 5:03:06 PM.
     1>Project "C:\Users\Ahmed\Desktop\Project Template - finall\Graphics L1\Graphics L1.vcxproj" on node 2 (Build target(s)).
     1>ClCompile:
         C:\Program Files (x86)\Microsoft Visual Studio 12.0\VC\bin\CL.exe /c /I"C:\Users\Ahmed\Desktop\Project Template - finall\Graphics L1\..\middleware\includes" /ZI /nologo /W3 /WX- /Od /Oy- /D WIN32 /D _DEBUG /D _CONSOLE /D _MBCS /Gm /EHsc /RTC1 /MDd /GS /fp:precise /Zc:wchar_t /Zc:forScope /Fo"Debug\tmp\\" /Fd"Debug\tmp\vc120.pdb" /Gd /TP /analyze- /errorReport:prompt Renderer.cpp
         Renderer.cpp
     1>c:\program files (x86)\windows kits\8.1\include\shared\minwindef.h(130): warning C4005: 'APIENTRY' : macro redefinition
                 c:\users\ahmed\desktop\project template - finall\middleware\includes\gl\glfw3.h(96) : see previous definition of 'APIENTRY'
     1>c:\users\ahmed\desktop\project template - finall\graphics l1\renderer.cpp(454): warning C4244: 'argument' : conversion from 'int' to 'float', possible loss of data
     1>c:\users\ahmed\desktop\project template - finall\graphics l1\renderer.cpp(454): warning C4244: 'argument' : conversion from 'double' to 'float', possible loss of data
     1>c:\users\ahmed\desktop\project template - finall\graphics l1\renderer.cpp(460): warning C4244: 'argument' : conversion from 'int' to 'float', possible loss of data
     1>c:\users\ahmed\desktop\project template - finall\graphics l1\renderer.cpp(460): warning C4244: 'argument' : conversion from 'double' to 'float', possible loss of data
     1>c:\users\ahmed\desktop\project template - finall\graphics l1\renderer.cpp(466): warning C4244: 'argument' : conversion from 'int' to 'float', possible loss of data
     1>c:\users\ahmed\desktop\project template - finall\graphics l1\renderer.cpp(466): warning C4244: 'argument' : conversion from 'double' to 'float', possible loss of data
     1>c:\users\ahmed\desktop\project template - finall\graphics l1\renderer.cpp(472): warning C4244: 'argument' : conversion from 'int' to 'float', possible loss of data
     1>c:\users\ahmed\desktop\project template - finall\graphics l1\renderer.cpp(472): warning C4244: 'argument' : conversion from 'double' to 'float', possible loss of data
     1>c:\users\ahmed\desktop\project template - finall\graphics l1\renderer.cpp(591): warning C4244: 'argument' : conversion from 'double' to 'float', possible loss of data
     1>c:\users\ahmed\desktop\project template - finall\graphics l1\renderer.cpp(592): warning C4244: 'argument' : conversion from 'double' to 'float', possible loss of data
       Link:
         C:\Program Files (x86)\Microsoft Visual Studio 12.0\VC\bin\link.exe /ERRORREPORT:PROMPT /OUT:"C:\Users\Ahmed\Desktop\Project Template - finall\Debug\Graphics L1.exe" /INCREMENTAL /NOLOGO /LIBPATH:"C:\Users\Ahmed\Desktop\Project Template - finall\Graphics L1\..\middleware\lib" dsound.lib dxguid.lib winmm.lib assimp.lib FreeImage.lib glew32.lib glfw3.lib opengl32.lib kernel32.lib user32.lib gdi32.lib winspool.lib comdlg32.lib advapi32.lib shell32.lib ole32.lib oleaut32.lib uuid.lib odbc32.lib odbccp32.lib kernel32.lib user32.lib gdi32.lib winspool.lib comdlg32.lib advapi32.lib shell32.lib ole32.lib oleaut32.lib uuid.lib odbc32.lib odbccp32.lib /MANIFEST /MANIFESTUAC:"level='asInvoker' uiAccess='false'" /manifest:embed /DEBUG /PDB:"C:\Users\Ahmed\Desktop\Project Template - finall\Debug\Graphics L1.pdb" /SUBSYSTEM:CONSOLE /TLBID:1 /DYNAMICBASE /NXCOMPAT /IMPLIB:"C:\Users\Ahmed\Desktop\Project Template - finall\Debug\Graphics L1.lib" /MACHINE:X86 Debug\tmp\ApplicationManager.obj
         Debug\tmp\Enemy.obj
         Debug\tmp\FirstPersonCamera.obj
         Debug\tmp\md2LeagueOfLegend.obj
         Debug\tmp\Md3.obj
         Debug\tmp\MD5Animation.obj
         Debug\tmp\MD5Model.obj
         Debug\tmp\Renderer.obj
         Debug\tmp\KeyFrameAnimationShader.obj
         Debug\tmp\main.obj
         Debug\tmp\md2model.obj
         Debug\tmp\Model.obj
         Debug\tmp\Model3D.obj
         Debug\tmp\ModelNode.obj
         Debug\tmp\ShaderProgram.obj
         Debug\tmp\shader.obj
         Debug\tmp\stb_image.obj
         Debug\tmp\texture.obj
         Debug\tmp\TexturedModel.obj
         Debug\tmp\vertexBufferObject.obj
         Graphics L1.vcxproj -> C:\Users\Ahmed\Desktop\Project Template - finall\Debug\Graphics L1.exe
     1>Done Building Project "C:\Users\Ahmed\Desktop\Project Template - finall\Graphics L1\Graphics L1.vcxproj" (Build target(s)).

Build succeeded.

Time Elapsed 00:00:17.95
